[debug] [2019-02-25T08:02:08.841Z] ----------------------------------------------------------------------
[debug] [2019-02-25T08:02:08.843Z] Command:       /usr/local/Cellar/node@8/8.12.0/bin/node /usr/local/bin/firebase deploy
[debug] [2019-02-25T08:02:08.843Z] CLI Version:   6.3.1
[debug] [2019-02-25T08:02:08.843Z] Platform:      darwin
[debug] [2019-02-25T08:02:08.843Z] Node Version:  v8.12.0
[debug] [2019-02-25T08:02:08.844Z] Time:          Mon Feb 25 2019 09:02:08 GMT+0100 (CET)
[debug] [2019-02-25T08:02:08.844Z] ----------------------------------------------------------------------
[debug] 
[debug] [2019-02-25T08:02:08.859Z] > command requires scopes: ["email","openid","https://www.googleapis.com/auth/cloudplatformprojects.readonly","https://www.googleapis.com/auth/firebase","https://www.googleapis.com/auth/cloud-platform"]
[debug] [2019-02-25T08:02:08.859Z] > authorizing via signed-in user
[debug] [2019-02-25T08:02:08.859Z] [iam] checking project vue-todo-4b7a5 for permissions ["datastore.indexes.create","datastore.indexes.delete","datastore.indexes.list","datastore.indexes.update","firebase.projects.get","firebasehosting.sites.update"]
[debug] [2019-02-25T08:02:08.861Z] > refreshing access token with scopes: ["email","https://www.googleapis.com/auth/cloud-platform","https://www.googleapis.com/auth/cloudplatformprojects.readonly","https://www.googleapis.com/auth/firebase","openid"]
[debug] [2019-02-25T08:02:08.861Z] >>> HTTP REQUEST POST https://www.googleapis.com/oauth2/v3/token  
 <request body omitted>
[debug] [2019-02-25T08:02:08.988Z] <<< HTTP RESPONSE 200
[debug] [2019-02-25T08:02:09.031Z] >>> HTTP REQUEST POST https://cloudresourcemanager.googleapis.com/v1/projects/vue-todo-4b7a5:testIamPermissions  

[debug] [2019-02-25T08:02:09.811Z] <<< HTTP RESPONSE 200
[debug] [2019-02-25T08:02:09.813Z] >>> HTTP REQUEST GET https://firebase.googleapis.com/v1beta1/projects/vue-todo-4b7a5  
 
[debug] [2019-02-25T08:02:10.037Z] <<< HTTP RESPONSE 200
[info] 
[info] === Deploying to 'vue-todo-4b7a5'...
[info] 
[info] i  deploying firestore, hosting
[info] i  firestore: checking firestore.rules for compilation errors...
[info] i  firestore: reading indexes from firestore.indexes.json...
[debug] [2019-02-25T08:02:10.044Z] >>> HTTP REQUEST POST https://firebaserules.googleapis.com/v1/projects/vue-todo-4b7a5:test  

[debug] [2019-02-25T08:02:10.831Z] <<< HTTP RESPONSE 200
[info] ✔  firestore: rules file firestore.rules compiled successfully
[debug] [2019-02-25T08:02:10.834Z] >>> HTTP REQUEST POST https://firebasehosting.googleapis.com/v1beta1/sites/vue-todo-4b7a5/versions  

[debug] [2019-02-25T08:02:12.218Z] <<< HTTP RESPONSE 200
[info] i  firestore: uploading rules firestore.rules...
[debug] [2019-02-25T08:02:12.220Z] >>> HTTP REQUEST POST https://firebaserules.googleapis.com/v1/projects/vue-todo-4b7a5/rulesets  

[debug] [2019-02-25T08:02:12.220Z] >>> HTTP REQUEST GET https://firestore.googleapis.com/v1beta2/projects/vue-todo-4b7a5/databases/(default)/collectionGroups/-/indexes  
 
[debug] [2019-02-25T08:02:12.989Z] <<< HTTP RESPONSE 200
[debug] [2019-02-25T08:02:12.989Z] >>> HTTP REQUEST GET https://firestore.googleapis.com/v1beta2/projects/vue-todo-4b7a5/databases/(default)/collectionGroups/-/fields?filter=indexConfig.usesAncestorConfig=false  
 
[debug] [2019-02-25T08:02:13.281Z] <<< HTTP RESPONSE 200
[debug] [2019-02-25T08:02:13.281Z] [rules] created ruleset projects/vue-todo-4b7a5/rulesets/19028f55-d60d-4df0-9435-59bd2f2e8a36
[debug] [2019-02-25T08:02:13.639Z] <<< HTTP RESPONSE 200
[info] i  firestore: there are some indexes defined in your project that are not present in your firestore indexes file. Run firebase firestore:indexes and save the result to correct the discrepancy.
[info] ✔  firestore: deployed indexes in firestore.indexes.json successfully
[info] i  hosting[vue-todo-4b7a5]: beginning deploy...
[info] i  hosting[vue-todo-4b7a5]: found 52 files in dist
[debug] [2019-02-25T08:02:13.660Z] [hosting] hash cache [ZGlzdA] load error: lines is not defined
